-------------------------------------------------------------------------------
Test set: Navigation.Clinic.AddClinicTest
-------------------------------------------------------------------------------
Tests run: 3, Failures: 0, Errors: 2, Skipped: 0, Time elapsed: 14.872 sec <<< FAILURE!
CheckAddedClinic(Navigation.Clinic.AddClinicTest)  Time elapsed: 0.001 sec  <<< ERROR!
java.lang.IllegalStateException: No webdriver is bound to current thread: 1. You need to call open(url) first.
	at com.codeborne.selenide.impl.WebDriverThreadLocalContainer.lambda$getWebDriver$1(WebDriverThreadLocalContainer.java:144)
	at java.base/java.util.Optional.orElseThrow(Optional.java:403)
	at com.codeborne.selenide.impl.WebDriverThreadLocalContainer.getWebDriver(WebDriverThreadLocalContainer.java:143)
	at com.codeborne.selenide.WebDriverRunner.getWebDriver(WebDriverRunner.java:112)
	at com.codeborne.selenide.impl.StaticDriver.getWebDriver(StaticDriver.java:51)
	at com.codeborne.selenide.impl.WebElementSelector.findElement(WebElementSelector.java:40)
	at com.codeborne.selenide.impl.WebElementSelector.findElement(WebElementSelector.java:33)
	at com.codeborne.selenide.impl.ElementFinder.getWebElement(ElementFinder.java:122)
	at com.codeborne.selenide.impl.WebElementSource.checkConditionAndReturnElement(WebElementSource.java:113)
	at com.codeborne.selenide.impl.WebElementSource.findAndAssertElementIsInteractable(WebElementSource.java:158)
	at com.codeborne.selenide.commands.Click.findElement(Click.java:46)
	at com.codeborne.selenide.commands.Click.execute(Click.java:28)
	at com.codeborne.selenide.commands.Click.execute(Click.java:21)
	at com.codeborne.selenide.commands.Commands.execute(Commands.java:159)
	at com.codeborne.selenide.impl.SelenideElementProxy.dispatchAndRetry(SelenideElementProxy.java:132)
	at com.codeborne.selenide.impl.SelenideElementProxy.invoke(SelenideElementProxy.java:84)
	at jdk.proxy2/jdk.proxy2.$Proxy12.click(Unknown Source)
	at Pages.Navigation.Clinic.clinicContacts.navigateToClinic(clinicContacts.java:27)
	at Navigation.Clinic.AddClinicTest.CheckAddedClinic(AddClinicTest.java:37)
	at java.base/jdk.internal.reflect.NativeMethodAccessorImpl.invoke0(Native Method)
	at java.base/jdk.internal.reflect.NativeMethodAccessorImpl.invoke(NativeMethodAccessorImpl.java:77)
	at java.base/jdk.internal.reflect.DelegatingMethodAccessorImpl.invoke(DelegatingMethodAccessorImpl.java:43)
	at java.base/java.lang.reflect.Method.invoke(Method.java:568)
	at org.junit.runners.model.FrameworkMethod$1.runReflectiveCall(FrameworkMethod.java:59)
	at org.junit.internal.runners.model.ReflectiveCallable.run(ReflectiveCallable.java:12)
	at org.junit.runners.model.FrameworkMethod.invokeExplosively(FrameworkMethod.java:56)
	at org.junit.internal.runners.statements.InvokeMethod.evaluate(InvokeMethod.java:17)
	at org.junit.internal.runners.statements.RunAfters.evaluate(RunAfters.java:27)
	at org.junit.runners.ParentRunner$3.evaluate(ParentRunner.java:306)
	at org.junit.runners.BlockJUnit4ClassRunner$1.evaluate(BlockJUnit4ClassRunner.java:100)
	at org.junit.runners.ParentRunner.runLeaf(ParentRunner.java:366)
	at org.junit.runners.BlockJUnit4ClassRunner.runChild(BlockJUnit4ClassRunner.java:103)
	at org.junit.runners.BlockJUnit4ClassRunner.runChild(BlockJUnit4ClassRunner.java:63)
	at org.junit.runners.ParentRunner$4.run(ParentRunner.java:331)
	at org.junit.runners.ParentRunner$1.schedule(ParentRunner.java:79)
	at org.junit.runners.ParentRunner.runChildren(ParentRunner.java:329)
	at org.junit.runners.ParentRunner.access$100(ParentRunner.java:66)
	at org.junit.runners.ParentRunner$2.evaluate(ParentRunner.java:293)
	at org.junit.internal.runners.statements.RunBefores.evaluate(RunBefores.java:26)
	at org.junit.runners.ParentRunner$3.evaluate(ParentRunner.java:306)
	at org.junit.runners.ParentRunner.run(ParentRunner.java:413)
	at org.apache.maven.surefire.junit4.JUnit4Provider.execute(JUnit4Provider.java:252)
	at org.apache.maven.surefire.junit4.JUnit4Provider.executeTestSet(JUnit4Provider.java:141)
	at org.apache.maven.surefire.junit4.JUnit4Provider.invoke(JUnit4Provider.java:112)
	at java.base/jdk.internal.reflect.NativeMethodAccessorImpl.invoke0(Native Method)
	at java.base/jdk.internal.reflect.NativeMethodAccessorImpl.invoke(NativeMethodAccessorImpl.java:77)
	at java.base/jdk.internal.reflect.DelegatingMethodAccessorImpl.invoke(DelegatingMethodAccessorImpl.java:43)
	at java.base/java.lang.reflect.Method.invoke(Method.java:568)
	at org.apache.maven.surefire.util.ReflectionUtils.invokeMethodWithArray(ReflectionUtils.java:189)
	at org.apache.maven.surefire.booter.ProviderFactory$ProviderProxy.invoke(ProviderFactory.java:165)
	at org.apache.maven.surefire.booter.ProviderFactory.invokeProvider(ProviderFactory.java:85)
	at org.apache.maven.surefire.booter.ForkedBooter.runSuitesInProcess(ForkedBooter.java:115)
	at org.apache.maven.surefire.booter.ForkedBooter.main(ForkedBooter.java:75)

AddClinicFilial(Navigation.Clinic.AddClinicTest)  Time elapsed: 0.001 sec  <<< ERROR!
java.lang.IllegalStateException: No webdriver is bound to current thread: 1. You need to call open(url) first.
	at com.codeborne.selenide.impl.WebDriverThreadLocalContainer.lambda$getWebDriver$1(WebDriverThreadLocalContainer.java:144)
	at java.base/java.util.Optional.orElseThrow(Optional.java:403)
	at com.codeborne.selenide.impl.WebDriverThreadLocalContainer.getWebDriver(WebDriverThreadLocalContainer.java:143)
	at com.codeborne.selenide.WebDriverRunner.getWebDriver(WebDriverRunner.java:112)
	at com.codeborne.selenide.impl.StaticDriver.getWebDriver(StaticDriver.java:51)
	at com.codeborne.selenide.impl.WebElementSelector.findElement(WebElementSelector.java:40)
	at com.codeborne.selenide.impl.WebElementSelector.findElement(WebElementSelector.java:33)
	at com.codeborne.selenide.impl.ElementFinder.getWebElement(ElementFinder.java:122)
	at com.codeborne.selenide.impl.WebElementSource.checkConditionAndReturnElement(WebElementSource.java:113)
	at com.codeborne.selenide.impl.WebElementSource.findAndAssertElementIsInteractable(WebElementSource.java:158)
	at com.codeborne.selenide.commands.Click.findElement(Click.java:46)
	at com.codeborne.selenide.commands.Click.execute(Click.java:28)
	at com.codeborne.selenide.commands.Click.execute(Click.java:21)
	at com.codeborne.selenide.commands.Commands.execute(Commands.java:159)
	at com.codeborne.selenide.impl.SelenideElementProxy.dispatchAndRetry(SelenideElementProxy.java:132)
	at com.codeborne.selenide.impl.SelenideElementProxy.invoke(SelenideElementProxy.java:84)
	at jdk.proxy2/jdk.proxy2.$Proxy12.click(Unknown Source)
	at Pages.Navigation.Clinic.clinicContacts.navigateToClinic(clinicContacts.java:27)
	at Navigation.Clinic.AddClinicTest.AddClinicFilial(AddClinicTest.java:59)
	at java.base/jdk.internal.reflect.NativeMethodAccessorImpl.invoke0(Native Method)
	at java.base/jdk.internal.reflect.NativeMethodAccessorImpl.invoke(NativeMethodAccessorImpl.java:77)
	at java.base/jdk.internal.reflect.DelegatingMethodAccessorImpl.invoke(DelegatingMethodAccessorImpl.java:43)
	at java.base/java.lang.reflect.Method.invoke(Method.java:568)
	at org.junit.runners.model.FrameworkMethod$1.runReflectiveCall(FrameworkMethod.java:59)
	at org.junit.internal.runners.model.ReflectiveCallable.run(ReflectiveCallable.java:12)
	at org.junit.runners.model.FrameworkMethod.invokeExplosively(FrameworkMethod.java:56)
	at org.junit.internal.runners.statements.InvokeMethod.evaluate(InvokeMethod.java:17)
	at org.junit.internal.runners.statements.RunAfters.evaluate(RunAfters.java:27)
	at org.junit.runners.ParentRunner$3.evaluate(ParentRunner.java:306)
	at org.junit.runners.BlockJUnit4ClassRunner$1.evaluate(BlockJUnit4ClassRunner.java:100)
	at org.junit.runners.ParentRunner.runLeaf(ParentRunner.java:366)
	at org.junit.runners.BlockJUnit4ClassRunner.runChild(BlockJUnit4ClassRunner.java:103)
	at org.junit.runners.BlockJUnit4ClassRunner.runChild(BlockJUnit4ClassRunner.java:63)
	at org.junit.runners.ParentRunner$4.run(ParentRunner.java:331)
	at org.junit.runners.ParentRunner$1.schedule(ParentRunner.java:79)
	at org.junit.runners.ParentRunner.runChildren(ParentRunner.java:329)
	at org.junit.runners.ParentRunner.access$100(ParentRunner.java:66)
	at org.junit.runners.ParentRunner$2.evaluate(ParentRunner.java:293)
	at org.junit.internal.runners.statements.RunBefores.evaluate(RunBefores.java:26)
	at org.junit.runners.ParentRunner$3.evaluate(ParentRunner.java:306)
	at org.junit.runners.ParentRunner.run(ParentRunner.java:413)
	at org.apache.maven.surefire.junit4.JUnit4Provider.execute(JUnit4Provider.java:252)
	at org.apache.maven.surefire.junit4.JUnit4Provider.executeTestSet(JUnit4Provider.java:141)
	at org.apache.maven.surefire.junit4.JUnit4Provider.invoke(JUnit4Provider.java:112)
	at java.base/jdk.internal.reflect.NativeMethodAccessorImpl.invoke0(Native Method)
	at java.base/jdk.internal.reflect.NativeMethodAccessorImpl.invoke(NativeMethodAccessorImpl.java:77)
	at java.base/jdk.internal.reflect.DelegatingMethodAccessorImpl.invoke(DelegatingMethodAccessorImpl.java:43)
	at java.base/java.lang.reflect.Method.invoke(Method.java:568)
	at org.apache.maven.surefire.util.ReflectionUtils.invokeMethodWithArray(ReflectionUtils.java:189)
	at org.apache.maven.surefire.booter.ProviderFactory$ProviderProxy.invoke(ProviderFactory.java:165)
	at org.apache.maven.surefire.booter.ProviderFactory.invokeProvider(ProviderFactory.java:85)
	at org.apache.maven.surefire.booter.ForkedBooter.runSuitesInProcess(ForkedBooter.java:115)
	at org.apache.maven.surefire.booter.ForkedBooter.main(ForkedBooter.java:75)

